Thu Feb  5 09:00:04 CST 2026: Starting dashboard update
/Library/Developer/CommandLineTools/usr/bin/python3: can't open file '/Users/adavidbailey/Practice-Bidding-Scenarios/py/generateDashboardData.py': [Errno 2] No such file or directory
fatal: ambiguous argument 'dashboard.html': unknown revision or path not in the working tree.
Use '--' to separate paths from revisions, like this:
'git <command> [<revision>...] -- [<file>...]'
Thu Feb  5 09:00:05 CST 2026: Committing and pushing changes
fatal: pathspec 'dashboard.html' did not match any files
On branch main
Your branch is up to date with 'origin/main'.

Untracked files:
  (use "git add <file>..." to include in what will be committed)
	dashboard-update.log

nothing added to commit but untracked files present (use "git add" to track)
Everything up-to-date
Thu Feb  5 09:00:05 CST 2026: Push complete
Thu Feb  5 09:00:05 CST 2026: Dashboard update finished
Fri Feb  6 09:00:01 CST 2026: Starting dashboard update
Generating dashboard data...
Dashboard data saved to /Users/adavidbailey/Practice-Bidding-Scenarios/docs/dashboard-data.json
Dashboard data embedded in /Users/adavidbailey/Practice-Bidding-Scenarios/docs/index.html

Summary (since Sep 2023):
  Total scenarios: 298
  Scenarios worked on: 298
  File edits: 50626
  Pipeline runs logged: 458
  Estimated VS Code hours: 3123
  Git commits: 5376
Fri Feb  6 09:01:06 CST 2026: Committing and pushing changes
[main c45f2bfad] Daily dashboard update
 2 files changed, 268 insertions(+), 232 deletions(-)
To https://github.com/ADavidBailey/Practice-Bidding-Scenarios.git
   1cdeada33..c45f2bfad  main -> main
Fri Feb  6 09:01:07 CST 2026: Push complete
Fri Feb  6 09:01:07 CST 2026: Dashboard update finished
Sun Feb  8 09:00:00 CST 2026: Starting dashboard update
Generating dashboard data...
Dashboard data saved to /Users/adavidbailey/Practice-Bidding-Scenarios/docs/dashboard-data.json
Dashboard data embedded in /Users/adavidbailey/Practice-Bidding-Scenarios/docs/index.html

Summary (since Sep 2023):
  Total scenarios: 298
  Scenarios worked on: 298
  File edits: 50617
  Pipeline runs logged: 641
  Estimated VS Code hours: 3137
  Git commits: 5403
Sun Feb  8 09:00:55 CST 2026: Committing and pushing changes
[main bff7044a7] Daily dashboard update
 2 files changed, 226 insertions(+), 226 deletions(-)
To https://github.com/ADavidBailey/Practice-Bidding-Scenarios.git
   93fbdf1ce..bff7044a7  main -> main
Sun Feb  8 09:00:56 CST 2026: Push complete
Sun Feb  8 09:00:56 CST 2026: Dashboard update finished
Mon Feb  9 09:00:05 CST 2026: Starting dashboard update
Generating dashboard data...
Dashboard data saved to /Users/adavidbailey/Practice-Bidding-Scenarios/docs/dashboard-data.json
Dashboard data embedded in /Users/adavidbailey/Practice-Bidding-Scenarios/docs/index.html

Summary (since Sep 2023):
  Total scenarios: 298
  Scenarios worked on: 298
  File edits: 50594
  Pipeline runs logged: 642
  Estimated VS Code hours: 3122
  Git commits: 5394
Mon Feb  9 09:01:01 CST 2026: Committing and pushing changes
[main be7b16e69] Daily dashboard update
 2 files changed, 78 insertions(+), 78 deletions(-)
To https://github.com/ADavidBailey/Practice-Bidding-Scenarios.git
   133f40c8e..be7b16e69  main -> main
Mon Feb  9 09:01:02 CST 2026: Push complete
Mon Feb  9 09:01:02 CST 2026: Dashboard update finished
Tue Feb 10 09:00:04 CST 2026: Starting dashboard update
Generating dashboard data...
Dashboard data saved to /Users/adavidbailey/Practice-Bidding-Scenarios/docs/dashboard-data.json
Dashboard data embedded in /Users/adavidbailey/Practice-Bidding-Scenarios/docs/index.html

Summary (since Sep 2023):
  Total scenarios: 298
  Scenarios worked on: 298
  File edits: 50596
  Pipeline runs logged: 644
  Estimated VS Code hours: 3117
  Git commits: 5404
Tue Feb 10 09:00:56 CST 2026: Committing and pushing changes
[main 74173f1ac] Daily dashboard update
 2 files changed, 192 insertions(+), 192 deletions(-)
To https://github.com/ADavidBailey/Practice-Bidding-Scenarios.git
   a2cc4f52a..74173f1ac  main -> main
Tue Feb 10 09:00:58 CST 2026: Push complete
Tue Feb 10 09:00:58 CST 2026: Dashboard update finished
Wed Feb 11 09:00:02 CST 2026: Starting dashboard update
Generating dashboard data...
Dashboard data saved to /Users/adavidbailey/Practice-Bidding-Scenarios/docs/dashboard-data.json
Dashboard data embedded in /Users/adavidbailey/Practice-Bidding-Scenarios/docs/index.html

Summary (since Sep 2023):
  Total scenarios: 298
  Scenarios worked on: 298
  File edits: 50700
  Pipeline runs logged: 758
  Estimated VS Code hours: 3113
  Git commits: 5448
Wed Feb 11 09:00:55 CST 2026: Committing and pushing changes
[main 5df01a935] Daily dashboard update
 2 files changed, 214 insertions(+), 198 deletions(-)
To https://github.com/ADavidBailey/Practice-Bidding-Scenarios.git
   07ee34f89..5df01a935  main -> main
Wed Feb 11 09:00:56 CST 2026: Push complete
Wed Feb 11 09:00:57 CST 2026: Dashboard update finished
Thu Feb 12 09:00:05 CST 2026: Starting dashboard update
Generating dashboard data...
Dashboard data saved to /Users/adavidbailey/Practice-Bidding-Scenarios/docs/dashboard-data.json
Dashboard data embedded in /Users/adavidbailey/Practice-Bidding-Scenarios/docs/index.html

Summary (since Sep 2023):
  Total scenarios: 298
  Scenarios worked on: 298
  File edits: 50753
  Pipeline runs logged: 809
  Estimated VS Code hours: 3198
  Git commits: 5460
Thu Feb 12 09:00:58 CST 2026: Committing and pushing changes
[main 2aba78eef] Daily dashboard update
 2 files changed, 188 insertions(+), 188 deletions(-)
To https://github.com/ADavidBailey/Practice-Bidding-Scenarios.git
   a82dd33c3..2aba78eef  main -> main
Thu Feb 12 09:00:59 CST 2026: Push complete
Thu Feb 12 09:00:59 CST 2026: Dashboard update finished
Fri Feb 13 09:00:02 CST 2026: Starting dashboard update
Generating dashboard data...
Dashboard data saved to /Users/adavidbailey/Practice-Bidding-Scenarios/docs/dashboard-data.json
Dashboard data embedded in /Users/adavidbailey/Practice-Bidding-Scenarios/docs/index.html

Summary (since Sep 2023):
  Total scenarios: 0
  Scenarios worked on: 0
  File edits: 50725
  Pipeline runs logged: 851
  Estimated VS Code hours: 3185
  Git commits: 5439
Fri Feb 13 09:00:57 CST 2026: Committing and pushing changes
[main 859071ac6] Daily dashboard update
 2 files changed, 282 insertions(+), 280 deletions(-)
To https://github.com/ADavidBailey/Practice-Bidding-Scenarios.git
   e34304c20..859071ac6  main -> main
Fri Feb 13 09:00:58 CST 2026: Push complete
Fri Feb 13 09:00:58 CST 2026: Dashboard update finished
Sat Feb 14 09:00:03 CST 2026: Starting dashboard update
Generating dashboard data...
Dashboard data saved to /Users/adavidbailey/Practice-Bidding-Scenarios/docs/dashboard-data.json
Dashboard data embedded in /Users/adavidbailey/Practice-Bidding-Scenarios/docs/index.html

Summary (since Sep 2023):
  Total scenarios: 0
  Scenarios worked on: 0
  File edits: 50787
  Pipeline runs logged: 933
  Estimated VS Code hours: 3227
  Git commits: 5416
Sat Feb 14 09:00:56 CST 2026: Committing and pushing changes
[main 9bb59f634] Daily dashboard update
 2 files changed, 172 insertions(+), 174 deletions(-)
To https://github.com/ADavidBailey/Practice-Bidding-Scenarios.git
 ! [rejected]            main -> main (fetch first)
error: failed to push some refs to 'https://github.com/ADavidBailey/Practice-Bidding-Scenarios.git'
hint: Updates were rejected because the remote contains work that you do
hint: not have locally. This is usually caused by another repository pushing
hint: to the same ref. You may want to first integrate the remote changes
hint: (e.g., 'git pull ...') before pushing again.
hint: See the 'Note about fast-forwards' in 'git push --help' for details.
Sat Feb 14 09:00:57 CST 2026: Push complete
Sat Feb 14 09:00:57 CST 2026: Dashboard update finished
Sun Feb 15 09:00:04 CST 2026: Starting dashboard update
Generating dashboard data...
Dashboard data saved to /Users/adavidbailey/Practice-Bidding-Scenarios/docs/dashboard-data.json
Traceback (most recent call last):
  File "/Library/Developer/CommandLineTools/Library/Frameworks/Python3.framework/Versions/3.9/lib/python3.9/sre_parse.py", line 1039, in parse_template
    this = chr(ESCAPES[this][1])
KeyError: '\\u'

During handling of the above exception, another exception occurred:

Traceback (most recent call last):
  File "/Users/adavidbailey/Practice-Bidding-Scenarios/docs/generateDashboardData.py", line 499, in <module>
    main()
  File "/Users/adavidbailey/Practice-Bidding-Scenarios/docs/generateDashboardData.py", line 485, in main
    embed_data_in_html(dashboard_data)
  File "/Users/adavidbailey/Practice-Bidding-Scenarios/docs/generateDashboardData.py", line 462, in embed_data_in_html
    html = re.sub(pattern, data_script, html)
  File "/Library/Developer/CommandLineTools/Library/Frameworks/Python3.framework/Versions/3.9/lib/python3.9/re.py", line 210, in sub
    return _compile(pattern, flags).sub(repl, string, count)
  File "/Library/Developer/CommandLineTools/Library/Frameworks/Python3.framework/Versions/3.9/lib/python3.9/re.py", line 327, in _subx
    template = _compile_repl(template, pattern)
  File "/Library/Developer/CommandLineTools/Library/Frameworks/Python3.framework/Versions/3.9/lib/python3.9/re.py", line 318, in _compile_repl
    return sre_parse.parse_template(repl, pattern)
  File "/Library/Developer/CommandLineTools/Library/Frameworks/Python3.framework/Versions/3.9/lib/python3.9/sre_parse.py", line 1042, in parse_template
    raise s.error('bad escape %s' % this, len(this))
re.error: bad escape \u at position 7435 (line 401, column 59)
Sun Feb 15 09:01:52 CST 2026: Committing and pushing changes
[main 9ff43d7ce] Daily dashboard update
 1 file changed, 87 insertions(+), 86 deletions(-)
To https://github.com/ADavidBailey/Practice-Bidding-Scenarios.git
   e150b5ec4..9ff43d7ce  main -> main
Sun Feb 15 09:01:54 CST 2026: Push complete
Sun Feb 15 09:01:54 CST 2026: Dashboard update finished
Mon Feb 16 09:00:01 CST 2026: Starting dashboard update
Generating dashboard data...
Dashboard data saved to /Users/adavidbailey/Practice-Bidding-Scenarios/docs/dashboard-data.json
Dashboard data embedded in /Users/adavidbailey/Practice-Bidding-Scenarios/docs/index.html

Summary (since Sep 2023):
  Total scenarios: 0
  Scenarios worked on: 0
  File edits: 50935
  Pipeline runs logged: 1150
  Estimated VS Code hours: 3280
  Git commits: 5567
Mon Feb 16 09:00:57 CST 2026: Committing and pushing changes
[main a3ac37980] Daily dashboard update
 2 files changed, 205 insertions(+), 206 deletions(-)
To https://github.com/ADavidBailey/Practice-Bidding-Scenarios.git
   7a779c8d6..a3ac37980  main -> main
Mon Feb 16 09:00:58 CST 2026: Push complete
Mon Feb 16 09:00:58 CST 2026: Dashboard update finished
Tue Feb 17 09:00:04 CST 2026: Starting dashboard update
Generating dashboard data...
Dashboard data saved to /Users/adavidbailey/Practice-Bidding-Scenarios/docs/dashboard-data.json
Dashboard data embedded in /Users/adavidbailey/Practice-Bidding-Scenarios/docs/index.html

Summary (since Sep 2023):
  Total scenarios: 291
  Scenarios worked on: 291
  File edits: 50948
  Pipeline runs logged: 1222
  Estimated VS Code hours: 3275
  Git commits: 5599
Tue Feb 17 09:00:57 CST 2026: Committing and pushing changes
[main 142e5ac6d] Daily dashboard update
 2 files changed, 202 insertions(+), 202 deletions(-)
To https://github.com/ADavidBailey/Practice-Bidding-Scenarios.git
 ! [rejected]            main -> main (fetch first)
error: failed to push some refs to 'https://github.com/ADavidBailey/Practice-Bidding-Scenarios.git'
hint: Updates were rejected because the remote contains work that you do
hint: not have locally. This is usually caused by another repository pushing
hint: to the same ref. You may want to first integrate the remote changes
hint: (e.g., 'git pull ...') before pushing again.
hint: See the 'Note about fast-forwards' in 'git push --help' for details.
Tue Feb 17 09:00:58 CST 2026: Push complete
Tue Feb 17 09:00:58 CST 2026: Dashboard update finished
Wed Feb 18 09:00:02 CST 2026: Starting dashboard update
Generating dashboard data...
Dashboard data saved to /Users/adavidbailey/Practice-Bidding-Scenarios/docs/dashboard-data.json
Dashboard data embedded in /Users/adavidbailey/Practice-Bidding-Scenarios/docs/index.html

Summary (since Sep 2023):
  Total scenarios: 293
  Scenarios worked on: 293
  File edits: 50906
  Pipeline runs logged: 1277
  Estimated VS Code hours: 3232
  Git commits: 5651
Wed Feb 18 09:00:56 CST 2026: Committing and pushing changes
[main 4100d517d] Daily dashboard update
 2 files changed, 220 insertions(+), 220 deletions(-)
To https://github.com/ADavidBailey/Practice-Bidding-Scenarios.git
   06405640c..4100d517d  main -> main
Wed Feb 18 09:00:57 CST 2026: Push complete
Wed Feb 18 09:00:57 CST 2026: Dashboard update finished
Thu Feb 19 09:00:04 CST 2026: Starting dashboard update
Generating dashboard data...
Dashboard data saved to /Users/adavidbailey/Practice-Bidding-Scenarios/docs/dashboard-data.json
Dashboard data embedded in /Users/adavidbailey/Practice-Bidding-Scenarios/docs/index.html

Summary (since Sep 2023):
  Total scenarios: 293
  Scenarios worked on: 293
  File edits: 50628
  Pipeline runs logged: 1291
  Estimated VS Code hours: 3166
  Git commits: 5637
Thu Feb 19 09:01:07 CST 2026: Committing and pushing changes
[main 44ecef644] Daily dashboard update
 2 files changed, 216 insertions(+), 224 deletions(-)
To https://github.com/ADavidBailey/Practice-Bidding-Scenarios.git
   f69cd73b2..44ecef644  main -> main
Thu Feb 19 09:01:08 CST 2026: Push complete
Thu Feb 19 09:01:08 CST 2026: Dashboard update finished
Fri Feb 20 09:00:00 CST 2026: Starting dashboard update
Generating dashboard data...
Dashboard data saved to /Users/adavidbailey/Practice-Bidding-Scenarios/docs/dashboard-data.json
Dashboard data embedded in /Users/adavidbailey/Practice-Bidding-Scenarios/docs/index.html

Summary (since Sep 2023):
  Total scenarios: 293
  Scenarios worked on: 293
  File edits: 50939
  Pipeline runs logged: 1305
  Estimated VS Code hours: 3314
  Git commits: 5648
Fri Feb 20 09:01:03 CST 2026: Committing and pushing changes
[main 2571ee5d3] Daily dashboard update
 2 files changed, 210 insertions(+), 208 deletions(-)
To https://github.com/ADavidBailey/Practice-Bidding-Scenarios.git
 ! [rejected]            main -> main (fetch first)
error: failed to push some refs to 'https://github.com/ADavidBailey/Practice-Bidding-Scenarios.git'
hint: Updates were rejected because the remote contains work that you do
hint: not have locally. This is usually caused by another repository pushing
hint: to the same ref. You may want to first integrate the remote changes
hint: (e.g., 'git pull ...') before pushing again.
hint: See the 'Note about fast-forwards' in 'git push --help' for details.
Fri Feb 20 09:01:04 CST 2026: Push complete
Fri Feb 20 09:01:04 CST 2026: Dashboard update finished
Sat Feb 21 09:00:00 CST 2026: Starting dashboard update
Generating dashboard data...
Dashboard data saved to /Users/adavidbailey/Practice-Bidding-Scenarios/docs/dashboard-data.json
Dashboard data embedded in /Users/adavidbailey/Practice-Bidding-Scenarios/docs/index.html

Summary (since Sep 2023):
  Total scenarios: 300
  Scenarios worked on: 300
  File edits: 50975
  Pipeline runs logged: 1438
  Estimated VS Code hours: 3351
  Git commits: 5767
Sat Feb 21 09:01:02 CST 2026: Committing and pushing changes
[main 6aa7392cf] Daily dashboard update
 2 files changed, 268 insertions(+), 270 deletions(-)
To https://github.com/ADavidBailey/Practice-Bidding-Scenarios.git
   716688c4b..6aa7392cf  main -> main
Sat Feb 21 09:01:03 CST 2026: Push complete
Sat Feb 21 09:01:03 CST 2026: Dashboard update finished
